root
daemon
bin
sys
sync
games
man
lp
mail
news
uucp
proxy
www-data
backup
list
irc
gnats
nobody
libuuid
syslog
messagebus
statd
sshd
postfix
puppet
ntp
splunk
cl-builder
oracle
pe-puppet
snmp
ansible_ro
ansible_rw
hgates
huang10
auth
majordom
fasrwhod
totalnet
matlab
kerberos
webdoc
sign
security
hound
webm
perfmon
htk
field
heitmey
dud-help
help
sob
sobel
rosterb
help-dev
burns
tham
lemon
moss
hounddev
barthelm
testnoc
icg
dfsears
netmgr
web
tree
oracle
announce
steen
accounts
monitor
dalpert
adams-h
cabot-h
cur-help
gradhelp
dun-help
eliot-h
lev-help
lowell-h
mather-h
pfo-help
quincy-h
ua
win-help
frosh-h
crimhelp
ivy-help
elm-help
advteam
helpdesk
dew-help
clavhelp
backup
hcs
kelly
akayama
rputnam
giron
girash
libe50a
psyc1251
ec10
unittest
lib1423
mstern
adm119
libe262
leitner
libe234
lib161
lewis
lib51
libe251
shieber
lib175
wills
libe233
lib215
albert
lib220
molay
lib113
libes96
libst221
bird
lib225
sawyer
mdsmith
chaisson
lib141
evenchik
woody
phys11
lib182
bmisra
pmarsden
libcs124
chamberl
info113
libs110
libe50b
sassanf
pgrana
lib50
info215
kachadb
newendor
kflood
dykema
carens
berstler
alexiou
jidoming
mfrankl
libe258
smoore
cglover
crosenb
engel
stoneman
ajaffe
tlsmith
traietti
accardo
aliasani
lspencer
roxburgh
shuang
smfield
jtweiss
pmatz
phan
denby
mcneill
sayers
bmatthew
pbellanc
robbmoss
ckent
tmacdon
rtuck
tdingman
saivetz
higonnet
amblair
coelho
russell
ngmankiw
pryan
wpheinr
pepeters
bfarrell
alesina
mking
witzel
nelson
kblake
tcolton
sjadams
spharr
wtu
mgaylord
agordon
salpert
agoldham
weidman
shinagel
pkbol
mwaters
song6
nasson
matarazz
cgrenier
ulrich
cjnichol
holbrook
cpfister
chen11
lutcavag
herschb
jperegr
cs51stud
gesacks
kruegler
pcapone
andreev
sparsons
jokeefe
bowlen
elkies
emazur
efvogel
bcurrier
cmusinsk
rkhemraj
orwig
wofsy
jdoyle
kaxiras
vafa
bhalper
silvera
biagioli
ctmcmull
airiye
alui
pbtomlin
mcelwee
drfoster
wrangham
rbfreem
golovch
leighton
szporluk
goldberg
labell
gandhi
raia
ohart
hchernof
cifuent
jneveu
eywang
skocpol
dougbond
ayres
acrompt
doucette
jcwang
npierce
ttwu
phorowit
grosz
ammcguir
shair
rarobins
jrosado
dulac
nakayama
kosslyn
scoleman
aharring
latham
rose2
tskerry
lkuros
tjones
cs50test
erikson
holm
tager
martin11
sperazzo
dschafer
wfrassch
jcushman
mlichten
charlow
brhall
aestrom
srusso
langer
westerv
kelsey
jfconlin
lgfisher
lindeman
mrleach
kornai
malan
mitchel3
kmcgowan
barro
jmitchel
divac
gottlieb
dhartl
nselsby
npwill
pershan
mcwalsh
swashing
paul
wfash
fixsen
xlliang
jtcosta
gortler
ddonogh
hooley
dschact
eholeary
sfulton
olesen
melton
ssternb
caramazz
chirkov
tmaniat
cmnichol
sandel
abowen
harris3
bhg
dbrubin
mccarth4
thornber
mazur
dempster
cmorris
auld
nmmiller
wilmouth
holton
bfash
rlangelo
wstacy
mccarty
daevans
anderson
rwinters
dgsulliv
csbutt
msears
fahrner
alschul
minder
barrios
jkagan
ccraig
hypolite
libe225
libe405
meselson
lee7
fcabral
katz2
najmabad
sprosen
gbfield
cohen3
aaass
dn-abst
cueguide
utep
lamont
dep
littauer
philtut
fasasap
mccarth5
complit
huam
mathsci
hilform
korea2
harvrev
widener
lrc
celtic
hclits
jcouncil
healthpl
mwt
vsdb
dce-help
rccc
mms
pga
houghtec
loebdram
sumecon
kirkhelp
guzzetti
lo-abst
wi-abst
bicknell
research
lbrandt
rsea
carta
vendler
jmerrill
lohonews
iaas
rallison
ceaspubs
polleys
samos98
expos
ctaubes
eal
ejohnson
claguard
heal
showcase
paulsen
mperetz
admincmp
mgmcconn
bossert
tbatchel
ajbelser
duffy2
granara
dfoster
djorgens
schrein
piaia
everett
fersch
smalmon
pbrown
eheller
thayes
hhutchis
gaskell
ishikawa
vjones
bok_cen
rsgrossm
lue
classrms
cphunter
clp
vgilboa
eterry
toplyn
rish
illweb
yingwu
riedlmay
lister
mguillem
hschwart
dpeel
sollors
stec
pokrovsk
dfphill
tozcat
wsantoro
pwhenry
mmueller
jengell
stilgoe
zmijewsk
mhopper
steinkel
state102
dmschlom
milano
scdiroff
debaryos
murciano
mmwisner
kmjohns
parsons2
simon2
herschba
scanlon
flier
solbrig
yalman1
korsgaar
septimus
wgraham
hackett
rthomas
farwell
galison
rwatson
moran
tatar
johnston
ruvolo
harris
lhunter
nathans
frye
mshell
garber
jhoward
jharris
pford
mcgeoch
cgoldin
vanderme
mfitzgib
karlovsk
athomps
smarglin
bryant4
hymmail
tholdcr
cranston
jfrieden
ekiert
ropper
lamcirc
layzer
delmer
currier
centasia
fdo
fsc
kmcvey
musicdpt
english
folkmyth
murowch
jnevins
mchapin
kuno
jliander
gking
pgerst
shleifer
machinis
mcneil
edifabio
jkendall
babai
babyonys
jwilliam
winthrop
vernon
macfarq
dperkins
dharris
wckirby
hearst
mgoldman
jryan
emendels
chsi
lax
wisse
rcooper
kheirand
jfhsmith
greenbl
jacobsen
brandt
rlrocken
mrichard
dean
lowell
todd
sowen
mccavana
neugebor
etowne
samitch
burgard
kirkland
akyeamp
jrubin
hhtai
kjones
nconklin
pellison
malmstad
pmcvay
meadow
eowen
hardacre
mehrmann
pdhanson
tarlow
harvfoun
guidotti
kunes
obaryos
wetterst
jlstrom
blier
fitchett
lgmartin
rlevin
ssalpert
shelemay
gfisher
henle
msfeldst
slevins
tcmurphy
gigilman
ylu
csmaier
jardine
esark
drclas
seitz
lingdept
trahan
peidle
llockw
apattonh
fanger
aladjem
kleckner
jhankins
griesenb
cjones
mlynch
pertile
suleiman
kalavrez
slewis
bweiner
vmaurer
nykrog
jmziolk
dcort
yang8
bioill
rdoyle
lwagner
bokcent
cmcdonal
wricntr
cezeaux
angelini
dlieberm
gkinney
leverett
pilbeam
jlkugel
nlevine
keirst
mitten
tarrant
smwood
skjaervo
oconnor
glauber
cotreau
gnagy
aburns
sperber
nshafman
boym
isotope
byington
matsumot
dlevans
apopiel
li11
nguyen2
planning
djmorin
jflynn
agrinth
buckler
dsherry
hzerner
biols1
mcasill
jkoczera
goel
jerlick
brands
vconley
fhoff
kashiwa
siu
slavic
dgilbert
yardops
physres
nesaund
dpfister
englinst
cwolff
memhall
lmcgirr
grabowic
litconc
leahy
goldfarb
thomps2
hgpc
mnorth
brustein
davidovs
binhngo
pjfisher
dcutler
fido
urdangbr
mlhedley
jrrice
ebhiggin
lghafrey
snaddaff
jcbarry
lolee
lbuell
crcortes
eckert
dianaeck
greis
ehelpman
mhalpenn
asimmons
iwinter
hmansf
resnick
acraig
laibson
dbranton
jcampbel
sflipson
hcdo
uho
legates
iversen
whitla
oetting
hgeorgi
gfeldman
rkiely
lmjohns
tkelly
delaneys
tmurphy
socstud
jaweiss
ware2
aviel
yau
hymc
rsyoung
cathas
lacross
memorgan
ljflynn
stephen
gabriels
thernstr
zawalich
bailyn
holinger
lion
greene5
shalpert
mottahed
puett
grimsted
wolcowit
wsconnor
dsommer
zasmith
petrella
beckert
swatts
cberlin
coatswor
kmcgrath
lamorris
ewalhout
stoddard
prentiss
hwhuber
mjscott
rhbates
karabel
ejbaker
quigley
saley
jsalant
admissio
peabody
stats
ims
fasocs
wkabrd
ocsrec
bannatyn
icmclaug
logan
lewontin
kelman
semitic
epierce
psnet
jowers
rlosick
pluralsm
friend
nseling
vdibrova
wwellman
lib153
libst171
fairbank
atlantic
mszabo
art
athletic
damrosch
chetham
micro
tconley
kenen
vanderk
schmelz
elkins
imaging
tnbisson
huaca
navia
frankel
jalt
opatters
sshoemak
akpatel
allard
hajda
acgrant
elaskin
athlcomp
withers
ofa
kafadar
lamill
yenching
hpcws
perserv
jmsheph
scarson
history
escarry
burchart
mkramer
rsross
phall
dce
abbruzz
bwatson
adm230
southafr
irons
miller16
vidra
yong
mmcg
pf-abst
aminova
regoff
rlesage
swharty
elozovsk
brach
burchst
boose
trjehn
dunster
eliot
mather
quincy
pfoho
adams
dpearsal
medieval
glaeser
rbanks
pacholok
ccplumb
balian
cavanaug
schmid
tozacq
agakhan
lowinus
seoweb
college
german
jsas
ces
uncatal
humcentr
tozref
histlit
womenreq
scadvice
lyons
ejperry
kbstone
mswhite
tucci
ereserve
hppsuser
yuchiho
killough
mchiang
mcbhelp
pcohen
libcse10
maffeo
libst111
engelwar
hcl1
hcl2
hcl3
hcl4
engdept
asiactr
csrel
ethics
ealc
classics
cabot
cabref
eas
lib1126
daviscrs
huri
seminars
phildept
hsdept
iharris
hvc
mss
fop
reserves
cafrica
parents
hylilla
hylillb
widilla
widillb
musilla
musillb
cabilla
cabillb
littilla
littillb
tozilla
tozillb
kumilla
kummel
falilla
falillb
hililla
hilillb
korbib
htc
tlane
libs1
libs111
transit
nielsen2
cftse
cjs
nrc
kmhorton
nglazer
winship
dmccann
rdhowe
rodburg
jtate
park28
glatz
boudrot
houghref
lowellrm
libe247
fao
jshaw
mgo
publtrst
rkeenan
dcppadm
jwatson
jwomack
bcnoack
hhibbett
doc-alrt
bindprep
dianecox
cwc
hubi
verba
jkcheng
kronheim
lball
carden
morgan
aloeb
rwoollac
rynne
hmf
aziz
kshepsle
eichler
aabarker
photocol
casill
jmilke
holloway
icgtest
fraenkel
jjackson
gaudet
rouqui
gambone
icgtest2
dheitmey
kcoleman
pinney
dibartol
daustin
kmmoore
jhutchin
finance
cabcirc
dgblackb
sciexam
hogle
stanhope
trollope
jcollett
fm142
ling80
stat160
ec2723
stat171
hst1642b
gercb
fa285
celt225a
celt182
gerdb
celt184
afam99
hist98a
hist98b
math21a
math21b
mus208r
cs124
phil12
lb33
hlit97
eng101
ec2010a
ec2010b
ec2010c
ec2010d
cs152
ling112a
ling112b
mr33
cs165
ves11abr
scia17
psy11
psy15
scia22
scia24
es100
cs182
soc162
soc165
math60r
scia30
scia35
scia36
phys123
phys11a
phys11b
es120
music51
ec2690hf
es145
mbio200
phys151
phys153
phys15a
phys15c
phys181
ves23aar
rel1503
es181
math19
cbio206
math20
fa62
rel1517
es190
math1a
math1b
es51
phil103
class164
chi111r
lac14
lac18
astro99
phil133
lac22
lat106b
lac28
sa34
es96
slav101
slav102
slav104
hsci99
ves154ar
germana
anth1600
anth118
chem17
ec1052
lac40
sa52
hsci103
lac49
eng312hf
chem20
chem27
lac51
lac55
hist2126
lac61
phil180
hist1091
slav155
hist1420
ec1420
stat220
ec1723
bio217
bio95hfc
bio95hfe
bio95hff
bio95hfh
bio95hfj
bio95hfk
bio95hfl
hist1432
anth174
portad
ec2162
stat232
mus212r
hsci161
portba
bio234
eng98r
cheb120a
med105
mus214r
hsci180
med117
frbab
espp90f
med120
espp90h
phys16
hist2531
ec2535
hist1810
gerbab
ves10aax
ec1815
ling110
ling115
ling116
ec2020a
ec2020b
eabs114
hist1851
eng218
eng90kw
hist1861
cs261
cs265
es100hf
ling152
ak141r
gov2322
gov2326
soc251
soc255
ane102
chlit140
ane105
es201
es202
es203
phys218
hist1893
araba
eng258
slavaab
soc271
scib44
scib46
ane128
eng277
san214
eng90rs
gov90er
eng292
phys264
hsci97a
astro1
gov90gc
eps108
eng90tw
gov90a
gov90m
rel1600
gov30
mus166
eps132
phil205
eps151
hist71a
eng90yl
ec1123
ec1126
chem105
hst1407b
fr70a
hsa14
phil230
hsa15
ec2530b
phil243
imun201
chem135
anth224
anth229
ital45
hsa51
chem153
chem154
chem158
hsci206r
chem160
thai102a
ane215r
hist1512
hsa70
anth255
hist1519
chem170
chiaab
ec2390d
anth261
celt133r
hist1531
cs281r
ec1530
ec1535
gov90ur
anth283
ec1010a
scnd98a
hsci278
ec1011a
ec1011b
gov2000
gov2001
math212b
ec2610
san101b
eps266r
math213b
bph217
fa175x
french27
mus98r
french31
ast97hf
psy2800
mus157x
chst228
gov1343
fr47b
fa179z
chlit210
hist1953
chlit214
apm107
gov1361
turk120a
phys143a
phys143b
apm111
turk121a
cs50
turk121b
cs51
tib106
ling270
mus194r
ec2140
ec2142
eas97r
phys251a
ling282
manchb
gov2462
cs96
eng97
laa14
afam118
mcb116
ws10a
fc30
afam196z
fc34
slavca
gov2490
mcb125
laa58
fc62
fc68
chlan200
eps231
eps232
afam168
laa70
ves25abr
fa106x
fa129
chem206
hsb11
mcb186
afam197
ves107
haa13k
ves156ar
mathxa
ves10b
astro145
soc22
fa15d
ves131
hist1602
math115
frencha
math122
math123
psy990
math131
hist1625
ves167
ves175
apm105a
apm105b
bcmp200
icgtest3
icgtest4
icgtest5
icgtest6
ec1661
bs52
gov2117
bs11
grk110r
chiba
chibb
rel1007
ves53a
chem5
ves143r
hist10a
musar
gov2160
iran144a
ast98hf
hbr165
math261r
ws99a
eps6
eps7
kor104a
kor104b
turk130a
gov1197
rel1400
ec970
jhst118
ger151
fs12
fs13
phys191r
lab21
lab31
cs224r
ss98av
lab51
lab65
ss10
stat100
ss98cs
stat104
lab78
hist90a
hist90c
hist90d
hist90e
hist90f
hist90h
ec2086r
stat110
stat111
frenchax
mcb268
celt114
fa229
dram30
fm108
bio113
ec2052
ec2056
frenchca
frenchcb
lat115
stat139
celt130
celt131
celt132
fm121
fm123
fm125
ec2074
chi102ab
ahollis
matory
mirshahi
cdavis
erentsch
acmcdon
mcfadd
gedrites
mmcelroy
mhiggins
rgordon
stauffer
mickley
lingpub
jasanoff
chaucer
cather
ageorgi
haywood
munger
biewener
froshims
bmfriedm
klheath
prefect
dormhist
resed
fup
undergrd
davidson
vgreene
icgsmpl
turkish
jacome
biel
koneill
aloise
aera
bruzzese
biol_172
biol_110
vhangell
soucy
reli1007
srukhelm
larkspur
brennan
idumay
hehrenf
fair
anthro
hcs2
hcs1
pinyin
gromero
exp20-4
atownes
exp20-9
tozcirc
cscie12
fasadmin
exp20-35
exp20-8
hcberg
biotext
ldemetr
gov3007
gsalzman
mcsmith
awcay
oimartin
wwwvl-ea
starnb
jclineff
wakeley
jap104a
jlyons
carmosin
lohoweb
lohoroom
loprete
campbell
agmyers
hers2hlp
pbk
epsas
espinosa
keung
sobel2
sc101e
ymlee
vnmurthy
boyne
costello
pascale
sumner
cverba
mgill
hoart
dfaux
cwarren
portal
special
gsaa
bulletin
schreib
gsashous
studaff
minrec
trenc
enjacobs
steen1
cgs
admiss
sfpcc
mwerbel
fasit
ptcc
sburns
bartosch
muslib
enge115b
acctasst
antadmin
wominit
laa41
sjasan
icgvideo
espada
ediaz
webb
gset526
gset533
gset560
gset570
mmunson
mmitzenm
mcynn
year2k
chem40
morse
exttest
minotti
haachair
atrainor
pallant
hclweb
libweb
dhperkin
bburns
nfaria
jmshea
latb
stoneage
rgraham
govdocs
kor102a
rubelcol
falibres
falibref
falibcir
faviscol
kiros
mdoming
dahlman
rbeeuwk
ectravel
weitzman
sjacobs
jbernhar
kczaja
anth114
hcl_hr
lohobook
wsr
hylpub
cfrain
oire
sevmedia
amadeo
phoffman
herstest
palfrey
spalfrey
ua-arch
fc17
shamel
gsas
xhma
qr32
fc80
graham2
glashow
frensc
japas102
viss158
ukrns101
ecs1920
frens27
viss60
anths110
bios169c
class129
mathsx
astrs35
bios74
bios76
drams22
comps109
viss160
govs10
comps185
viss167
ecs1530
bios172
class133
russa
russb
creas20a
creas20d
bios80
engls176
socis170
maths21a
maths21b
ecs1620
govs1061
ecs1940
creas147
chins106
greks103
latis106
sscis100
psys1240
frensax
creas45a
creas65
bios1
bios100a
bios110
stats100
bios100b
govs30
viss12
ecs1476
humas100
bios21
hsts1662
engls190
creas70
engls10b
viss140b
comps137
phils167
govs1240
viss21
creas165
hsts1512
govs1247
engls124
socis120
chinsa
cscisa
chinsc
germs
hebrsj
engls70
creas170
spansc
cscist
creas175
hsts1606
lings110
chinsaa
hsts1686
sanss101
musis55
creas100
psys1
germsd
creas107
womns111
viss40
govs1180
govs1740
maths1
engls141
spans47
creasb
creas20
japasa
lings120
creasc
ukrnsc
qrs10
psys1602
harcs70
cscis51
greksa
italsc
hsts51c
ecs110
nscis100
creas30
russ1013
ecs190
ecs192
drams10
drams11
drams12
viss112a
viss112b
mathsa
frensa
yardhelp
divtest
ielsday1
ssteinb
gstudies
anths1e
drliu
olveczky
lclark
bookacc
rwolf
noccad
davenpor
sonnert
mkremer
fmedeir
dudley
hsa13
mpc
troisi
enew
hpark
ssiegel
dloren
gov3009
leblanc
doughty
infoproj
hanken
widref
widtrace
sc_sched
scharff
valdovin
jteixeir
ccva
armstr3
bio24
psy1253
ves100aa
ves100ab
cmpl166
hst2605
math136
math138
med119
fr127a
soc68
hist1480
phil145z
gov2002
haa275z
sp280r
celt226r
eng172c
hst1741
hst1665
tib104a
hsci172v
hst1670
cs221
cs287r
psy1564
medg115a
soc130
eng90it
ling124
math191
math192
chst121
chst124
psy1654
tib204b
hsci272v
gov1246
jwhst113
jwhst117
cs253
eng13
ves20abr
mr54
chst223
math
chst231
chlit130
cs299r
eng151
gov2086
eng34
scia43
rel1045
cs283
ling172
soc186
rel11
math255a
sphl151
es158
es240
fr155
es258
ger65
rel1420
qr20
qr22
fc21
qr28
ca4241
lat102a
apphy284
math267x
hst1111
phil201
hdtladmn
lab35
ves144br
gov90km
lac20
gov1790
anth101
eps236
sp54
fc76
ves145br
fs70
phil237
rel2545
hsa23
anth123
cs226r
gov90nh
mcb176
ss98cv
bphys101
celt106
gov1982
anth213
phil252
hst1332
hsci122
ves155br
anth144
fm103
haa252x
haa147x
celt208
celt128
lit109
ec1410
it101
hst1431
hst1355
hst1356
hst1358
ec2150
anth251
jlit215
bio95hfw
bio95hfx
css318a
gbuckley
port-sug
xsxie
corhuso
ashen
tsears
jkloppen
natsci
changes
hers2
idema
jahearn
css540
krogoff
pbrand
hooven
sayres
smilack
szilagyi
teplitz
chimu
jemery
nlrogoff
smueller
sroy
roilos
provan
mamstutz
bchu
rnelson
mrgarcia
heebner
srice
sacks7
guyton
hsousa
jpfeifer
widren
postcomm
phys287a
wforman
ordogh
mayman
cmccorm
crinaldo
ucbooks
soldatov
jmahearn
rmontgom
wilson
shirey
icop
sdrpay
gmorrow
germe2
waterpol
weltman
amullins
gmiller
quest
gas
rijs
cfinlay
libcse8
jdlevy
exp20-42
nmorris
jsalz
plesch
mfritz
newsnet
interrup
pandp
spectrum
ketchian
psy1-s
wthomps
haa98-1
rmair
gset133
